C51 COMPILER V9.60.0.0   INTERRUPTINIT                                                     05/30/2021 19:16:11 PAGE 1   


C51 COMPILER V9.60.0.0, COMPILATION OF MODULE INTERRUPTINIT
OBJECT MODULE PLACED IN .\Objects\InterruptInit.obj
COMPILER INVOKED BY: G:\Keil_v5\C51\BIN\C51.EXE InterruptInit.c OPTIMIZE(8,SPEED) BROWSE DEBUG OBJECTEXTEND PRINT(.\List
                    -ings\InterruptInit.lst) TABS(2) OBJECT(.\Objects\InterruptInit.obj)

line level    source

   1          #include <reg51.h>
   2          #include "InterruptInit.h"
   3          
   4          void ExternalIptInit(void){
   5   1        EA=1;//开总中断
   6   1        EX0=1; //开外部中断零
   7   1        IT0=1; //请求下降沿触发中断
   8   1      }//外部中断设置初始化
   9          
  10          void SerialPortInit(void){
  11   1        SCON=0x50;
  12   1        TMOD=0x20;
  13   1        PCON=0x00;
  14   1        TH1=0xfd;
  15   1        TL1=0xfd;
  16   1        TI=0;
  17   1        TR1=1;
  18   1        ES=1;
  19   1      }//串口通信设置初始化
  20          
  21          void SerialPortSend(uchar state){
  22   1        ES=0;            //关闭串口中断
  23   1        SBUF=state;      //从单片机发送数据给电脑
  24   1        while(!TI);      //等待单片机数据发送完毕
  25   1        TI=0;            //清除发送标志位
  26   1        ES=1;            //开串口中断 
  27   1      }//串口通信发送数据


MODULE INFORMATION:   STATIC OVERLAYABLE
   CODE SIZE        =     41    ----
   CONSTANT SIZE    =   ----    ----
   XDATA SIZE       =   ----    ----
   PDATA SIZE       =   ----    ----
   DATA SIZE        =   ----    ----
   IDATA SIZE       =   ----    ----
   BIT SIZE         =   ----    ----
END OF MODULE INFORMATION.


C51 COMPILATION COMPLETE.  0 WARNING(S),  0 ERROR(S)
