Replace Part C1 Cap Pol1 in C:\Users\efran\Desktop\Professional Experiment_efran\final_design\PCB电路图---单层板\final_design\final_design.SchDoc with Cap Pol1 from Miscellaneous Devices.IntLib
Replace Part C2 Cap in C:\Users\efran\Desktop\Professional Experiment_efran\final_design\PCB电路图---单层板\final_design\final_design.SchDoc with Cap from Miscellaneous Devices.IntLib
Replace Part C3 Cap in C:\Users\efran\Desktop\Professional Experiment_efran\final_design\PCB电路图---单层板\final_design\final_design.SchDoc with Cap from Miscellaneous Devices.IntLib
Replace Part DS1 Dpy Green-CA in C:\Users\efran\Desktop\Professional Experiment_efran\final_design\PCB电路图---单层板\final_design\final_design.SchDoc with Dpy Green-CA from Miscellaneous Devices.IntLib
Replace Part R1 Res1 in C:\Users\efran\Desktop\Professional Experiment_efran\final_design\PCB电路图---单层板\final_design\final_design.SchDoc with Res1 from Miscellaneous Devices.IntLib
Replace Part R2 Res1 in C:\Users\efran\Desktop\Professional Experiment_efran\final_design\PCB电路图---单层板\final_design\final_design.SchDoc with Res1 from Miscellaneous Devices.IntLib
Replace Part R3 Res1 in C:\Users\efran\Desktop\Professional Experiment_efran\final_design\PCB电路图---单层板\final_design\final_design.SchDoc with Res1 from Miscellaneous Devices.IntLib
Replace Part R4 Res1 in C:\Users\efran\Desktop\Professional Experiment_efran\final_design\PCB电路图---单层板\final_design\final_design.SchDoc with Res1 from Miscellaneous Devices.IntLib
Replace Part R5 Res1 in C:\Users\efran\Desktop\Professional Experiment_efran\final_design\PCB电路图---单层板\final_design\final_design.SchDoc with Res1 from Miscellaneous Devices.IntLib
Replace Part R6 Res1 in C:\Users\efran\Desktop\Professional Experiment_efran\final_design\PCB电路图---单层板\final_design\final_design.SchDoc with Res1 from Miscellaneous Devices.IntLib
Replace Part R7 Res1 in C:\Users\efran\Desktop\Professional Experiment_efran\final_design\PCB电路图---单层板\final_design\final_design.SchDoc with Res1 from Miscellaneous Devices.IntLib
Replace Part R8 Res1 in C:\Users\efran\Desktop\Professional Experiment_efran\final_design\PCB电路图---单层板\final_design\final_design.SchDoc with Res1 from Miscellaneous Devices.IntLib
Replace Part R9 Res1 in C:\Users\efran\Desktop\Professional Experiment_efran\final_design\PCB电路图---单层板\final_design\final_design.SchDoc with Res1 from Miscellaneous Devices.IntLib
Replace Part R10 Res1 in C:\Users\efran\Desktop\Professional Experiment_efran\final_design\PCB电路图---单层板\final_design\final_design.SchDoc with Res1 from Miscellaneous Devices.IntLib
Replace Part R11 Res1 in C:\Users\efran\Desktop\Professional Experiment_efran\final_design\PCB电路图---单层板\final_design\final_design.SchDoc with Res1 from Miscellaneous Devices.IntLib
Replace Part S1 Button-4feet in C:\Users\efran\Desktop\Professional Experiment_efran\final_design\PCB电路图---单层板\final_design\final_design.SchDoc with Button-4feet from final_design.SchLib
Replace Part S2 Button-4feet in C:\Users\efran\Desktop\Professional Experiment_efran\final_design\PCB电路图---单层板\final_design\final_design.SchDoc with Button-4feet from final_design.SchLib
Replace Part S3 Button-4feet in C:\Users\efran\Desktop\Professional Experiment_efran\final_design\PCB电路图---单层板\final_design\final_design.SchDoc with Button-4feet from final_design.SchLib
Replace Part S4 Button-4feet in C:\Users\efran\Desktop\Professional Experiment_efran\final_design\PCB电路图---单层板\final_design\final_design.SchDoc with Button-4feet from final_design.SchLib
Replace Part S5 Button-4feet in C:\Users\efran\Desktop\Professional Experiment_efran\final_design\PCB电路图---单层板\final_design\final_design.SchDoc with Button-4feet from final_design.SchLib
Replace Part S6 Button-4feet in C:\Users\efran\Desktop\Professional Experiment_efran\final_design\PCB电路图---单层板\final_design\final_design.SchDoc with Button-4feet from final_design.SchLib
Replace Part S7 Button-4feet in C:\Users\efran\Desktop\Professional Experiment_efran\final_design\PCB电路图---单层板\final_design\final_design.SchDoc with Button-4feet from final_design.SchLib
Replace Part S8 Button-4feet in C:\Users\efran\Desktop\Professional Experiment_efran\final_design\PCB电路图---单层板\final_design\final_design.SchDoc with Button-4feet from final_design.SchLib
Replace Part S9 Button-4feet in C:\Users\efran\Desktop\Professional Experiment_efran\final_design\PCB电路图---单层板\final_design\final_design.SchDoc with Button-4feet from final_design.SchLib
Replace Part S10 Button-4feet in C:\Users\efran\Desktop\Professional Experiment_efran\final_design\PCB电路图---单层板\final_design\final_design.SchDoc with Button-4feet from final_design.SchLib
Replace Part S11 Button-4feet in C:\Users\efran\Desktop\Professional Experiment_efran\final_design\PCB电路图---单层板\final_design\final_design.SchDoc with Button-4feet from final_design.SchLib
Replace Part S12 Button-4feet in C:\Users\efran\Desktop\Professional Experiment_efran\final_design\PCB电路图---单层板\final_design\final_design.SchDoc with Button-4feet from final_design.SchLib
Replace Part S13 Button-4feet in C:\Users\efran\Desktop\Professional Experiment_efran\final_design\PCB电路图---单层板\final_design\final_design.SchDoc with Button-4feet from final_design.SchLib
Replace Part S14 Button-4feet in C:\Users\efran\Desktop\Professional Experiment_efran\final_design\PCB电路图---单层板\final_design\final_design.SchDoc with Button-4feet from final_design.SchLib
Replace Part S15 Button-4feet in C:\Users\efran\Desktop\Professional Experiment_efran\final_design\PCB电路图---单层板\final_design\final_design.SchDoc with Button-4feet from final_design.SchLib
Replace Part S16 Button-4feet in C:\Users\efran\Desktop\Professional Experiment_efran\final_design\PCB电路图---单层板\final_design\final_design.SchDoc with Button-4feet from final_design.SchLib
Replace Part S17 Button-4feet in C:\Users\efran\Desktop\Professional Experiment_efran\final_design\PCB电路图---单层板\final_design\final_design.SchDoc with Button-4feet from final_design.SchLib
Replace Part U1 89c52 in C:\Users\efran\Desktop\Professional Experiment_efran\final_design\PCB电路图---单层板\final_design\final_design.SchDoc with 89c52 from final_design.SchLib
Replace Part U2 Zigbee in C:\Users\efran\Desktop\Professional Experiment_efran\final_design\PCB电路图---单层板\final_design\final_design.SchDoc with Zigbee from final_design.SchLib
Replace Part Y1 XTAL in C:\Users\efran\Desktop\Professional Experiment_efran\final_design\PCB电路图---单层板\final_design\final_design.SchDoc with XTAL from Miscellaneous Devices.IntLib
