Added Component: Designator=C1(RB)
Add component (AddParameter): Name = "LatestRevisionDate"; Value = "17-Jul-2002"; VariantName = "[No Variations]"
Add component (AddParameter): Name = "LatestRevisionNote"; Value = "Re-released for DXP Platform."; VariantName = "[No Variations]"
Add component (AddParameter): Name = "PackageDescription"; Value = "Polarized Capacitor (Radial); 2 Leads"; VariantName = "[No Variations]"
Add component (AddParameter): Name = "PackageReference"; Value = "RB7.6-15"; VariantName = "[No Variations]"
Add component (AddParameter): Name = "Published"; Value = "8-Jun-2000"; VariantName = "[No Variations]"
Add component (AddParameter): Name = "Publisher"; Value = "Altium Limited"; VariantName = "[No Variations]"
Add component (AddParameter): Name = "Value"; Value = "22uF"; VariantName = "[No Variations]"
Added Component: Designator=C2(MLCC)
Add component (AddParameter): Name = "LatestRevisionDate"; Value = "17-Jul-2002"; VariantName = "[No Variations]"
Add component (AddParameter): Name = "LatestRevisionNote"; Value = "Re-released for DXP Platform."; VariantName = "[No Variations]"
Add component (AddParameter): Name = "PackageDescription"; Value = "Radial Cap, Thru-Hole; 2 Leads; 0.3 in Pin Spacing"; VariantName = "[No Variations]"
Add component (AddParameter): Name = "PackageReference"; Value = "RAD-0.3"; VariantName = "[No Variations]"
Add component (AddParameter): Name = "Published"; Value = "8-Jun-2000"; VariantName = "[No Variations]"
Add component (AddParameter): Name = "Publisher"; Value = "Altium Limited"; VariantName = "[No Variations]"
Add component (AddParameter): Name = "Value"; Value = "30pF"; VariantName = "[No Variations]"
Added Component: Designator=C3(MLCC)
Add component (AddParameter): Name = "LatestRevisionDate"; Value = "17-Jul-2002"; VariantName = "[No Variations]"
Add component (AddParameter): Name = "LatestRevisionNote"; Value = "Re-released for DXP Platform."; VariantName = "[No Variations]"
Add component (AddParameter): Name = "PackageDescription"; Value = "Radial Cap, Thru-Hole; 2 Leads; 0.3 in Pin Spacing"; VariantName = "[No Variations]"
Add component (AddParameter): Name = "PackageReference"; Value = "RAD-0.3"; VariantName = "[No Variations]"
Add component (AddParameter): Name = "Published"; Value = "8-Jun-2000"; VariantName = "[No Variations]"
Add component (AddParameter): Name = "Publisher"; Value = "Altium Limited"; VariantName = "[No Variations]"
Add component (AddParameter): Name = "Value"; Value = "30pF"; VariantName = "[No Variations]"
Added Component: Designator=R1(Ris)
Add component (AddParameter): Name = "LatestRevisionDate"; Value = "17-Jul-2002"; VariantName = "[No Variations]"
Add component (AddParameter): Name = "LatestRevisionNote"; Value = "Re-released for DXP Platform."; VariantName = "[No Variations]"
Add component (AddParameter): Name = "PackageDescription"; Value = "Axial Device, Thru-Hole; 2 Leads; 0.3 in Pin Spacing"; VariantName = "[No Variations]"
Add component (AddParameter): Name = "PackageReference"; Value = "AXIAL-0.3"; VariantName = "[No Variations]"
Add component (AddParameter): Name = "Published"; Value = "8-Jun-2000"; VariantName = "[No Variations]"
Add component (AddParameter): Name = "Publisher"; Value = "Altium Limited"; VariantName = "[No Variations]"
Add component (AddParameter): Name = "Value"; Value = "4.7K"; VariantName = "[No Variations]"
Added Component: Designator=R2(Ris)
Add component (AddParameter): Name = "LatestRevisionDate"; Value = "17-Jul-2002"; VariantName = "[No Variations]"
Add component (AddParameter): Name = "LatestRevisionNote"; Value = "Re-released for DXP Platform."; VariantName = "[No Variations]"
Add component (AddParameter): Name = "PackageDescription"; Value = "Axial Device, Thru-Hole; 2 Leads; 0.3 in Pin Spacing"; VariantName = "[No Variations]"
Add component (AddParameter): Name = "PackageReference"; Value = "AXIAL-0.3"; VariantName = "[No Variations]"
Add component (AddParameter): Name = "Published"; Value = "8-Jun-2000"; VariantName = "[No Variations]"
Add component (AddParameter): Name = "Publisher"; Value = "Altium Limited"; VariantName = "[No Variations]"
Add component (AddParameter): Name = "Value"; Value = "4.7K"; VariantName = "[No Variations]"
Added Component: Designator=R3(Ris)
Add component (AddParameter): Name = "LatestRevisionDate"; Value = "17-Jul-2002"; VariantName = "[No Variations]"
Add component (AddParameter): Name = "LatestRevisionNote"; Value = "Re-released for DXP Platform."; VariantName = "[No Variations]"
Add component (AddParameter): Name = "PackageDescription"; Value = "Axial Device, Thru-Hole; 2 Leads; 0.3 in Pin Spacing"; VariantName = "[No Variations]"
Add component (AddParameter): Name = "PackageReference"; Value = "AXIAL-0.3"; VariantName = "[No Variations]"
Add component (AddParameter): Name = "Published"; Value = "8-Jun-2000"; VariantName = "[No Variations]"
Add component (AddParameter): Name = "Publisher"; Value = "Altium Limited"; VariantName = "[No Variations]"
Add component (AddParameter): Name = "Value"; Value = "4.7K"; VariantName = "[No Variations]"
Added Component: Designator=R4(Ris)
Add component (AddParameter): Name = "LatestRevisionDate"; Value = "17-Jul-2002"; VariantName = "[No Variations]"
Add component (AddParameter): Name = "LatestRevisionNote"; Value = "Re-released for DXP Platform."; VariantName = "[No Variations]"
Add component (AddParameter): Name = "PackageDescription"; Value = "Axial Device, Thru-Hole; 2 Leads; 0.3 in Pin Spacing"; VariantName = "[No Variations]"
Add component (AddParameter): Name = "PackageReference"; Value = "AXIAL-0.3"; VariantName = "[No Variations]"
Add component (AddParameter): Name = "Published"; Value = "8-Jun-2000"; VariantName = "[No Variations]"
Add component (AddParameter): Name = "Publisher"; Value = "Altium Limited"; VariantName = "[No Variations]"
Add component (AddParameter): Name = "Value"; Value = "4.7K"; VariantName = "[No Variations]"
Added Component: Designator=R5(Ris)
Add component (AddParameter): Name = "LatestRevisionDate"; Value = "17-Jul-2002"; VariantName = "[No Variations]"
Add component (AddParameter): Name = "LatestRevisionNote"; Value = "Re-released for DXP Platform."; VariantName = "[No Variations]"
Add component (AddParameter): Name = "PackageDescription"; Value = "Axial Device, Thru-Hole; 2 Leads; 0.3 in Pin Spacing"; VariantName = "[No Variations]"
Add component (AddParameter): Name = "PackageReference"; Value = "AXIAL-0.3"; VariantName = "[No Variations]"
Add component (AddParameter): Name = "Published"; Value = "8-Jun-2000"; VariantName = "[No Variations]"
Add component (AddParameter): Name = "Publisher"; Value = "Altium Limited"; VariantName = "[No Variations]"
Add component (AddParameter): Name = "Value"; Value = "4.7K"; VariantName = "[No Variations]"
Added Component: Designator=R6(Ris)
Add component (AddParameter): Name = "LatestRevisionDate"; Value = "17-Jul-2002"; VariantName = "[No Variations]"
Add component (AddParameter): Name = "LatestRevisionNote"; Value = "Re-released for DXP Platform."; VariantName = "[No Variations]"
Add component (AddParameter): Name = "PackageDescription"; Value = "Axial Device, Thru-Hole; 2 Leads; 0.3 in Pin Spacing"; VariantName = "[No Variations]"
Add component (AddParameter): Name = "PackageReference"; Value = "AXIAL-0.3"; VariantName = "[No Variations]"
Add component (AddParameter): Name = "Published"; Value = "8-Jun-2000"; VariantName = "[No Variations]"
Add component (AddParameter): Name = "Publisher"; Value = "Altium Limited"; VariantName = "[No Variations]"
Add component (AddParameter): Name = "Value"; Value = "4.7K"; VariantName = "[No Variations]"
Added Component: Designator=R7(Ris)
Add component (AddParameter): Name = "LatestRevisionDate"; Value = "17-Jul-2002"; VariantName = "[No Variations]"
Add component (AddParameter): Name = "LatestRevisionNote"; Value = "Re-released for DXP Platform."; VariantName = "[No Variations]"
Add component (AddParameter): Name = "PackageDescription"; Value = "Axial Device, Thru-Hole; 2 Leads; 0.3 in Pin Spacing"; VariantName = "[No Variations]"
Add component (AddParameter): Name = "PackageReference"; Value = "AXIAL-0.3"; VariantName = "[No Variations]"
Add component (AddParameter): Name = "Published"; Value = "8-Jun-2000"; VariantName = "[No Variations]"
Add component (AddParameter): Name = "Publisher"; Value = "Altium Limited"; VariantName = "[No Variations]"
Add component (AddParameter): Name = "Value"; Value = "4.7K"; VariantName = "[No Variations]"
Added Component: Designator=R8(Ris)
Add component (AddParameter): Name = "LatestRevisionDate"; Value = "17-Jul-2002"; VariantName = "[No Variations]"
Add component (AddParameter): Name = "LatestRevisionNote"; Value = "Re-released for DXP Platform."; VariantName = "[No Variations]"
Add component (AddParameter): Name = "PackageDescription"; Value = "Axial Device, Thru-Hole; 2 Leads; 0.3 in Pin Spacing"; VariantName = "[No Variations]"
Add component (AddParameter): Name = "PackageReference"; Value = "AXIAL-0.3"; VariantName = "[No Variations]"
Add component (AddParameter): Name = "Published"; Value = "8-Jun-2000"; VariantName = "[No Variations]"
Add component (AddParameter): Name = "Publisher"; Value = "Altium Limited"; VariantName = "[No Variations]"
Add component (AddParameter): Name = "Value"; Value = "4.7K"; VariantName = "[No Variations]"
Added Component: Designator=R9(Ris)
Add component (AddParameter): Name = "LatestRevisionDate"; Value = "17-Jul-2002"; VariantName = "[No Variations]"
Add component (AddParameter): Name = "LatestRevisionNote"; Value = "Re-released for DXP Platform."; VariantName = "[No Variations]"
Add component (AddParameter): Name = "PackageDescription"; Value = "Axial Device, Thru-Hole; 2 Leads; 0.3 in Pin Spacing"; VariantName = "[No Variations]"
Add component (AddParameter): Name = "PackageReference"; Value = "AXIAL-0.3"; VariantName = "[No Variations]"
Add component (AddParameter): Name = "Published"; Value = "8-Jun-2000"; VariantName = "[No Variations]"
Add component (AddParameter): Name = "Publisher"; Value = "Altium Limited"; VariantName = "[No Variations]"
Add component (AddParameter): Name = "Value"; Value = "100R"; VariantName = "[No Variations]"
Added Component: Designator=R10(Ris)
Add component (AddParameter): Name = "LatestRevisionDate"; Value = "17-Jul-2002"; VariantName = "[No Variations]"
Add component (AddParameter): Name = "LatestRevisionNote"; Value = "Re-released for DXP Platform."; VariantName = "[No Variations]"
Add component (AddParameter): Name = "PackageDescription"; Value = "Axial Device, Thru-Hole; 2 Leads; 0.3 in Pin Spacing"; VariantName = "[No Variations]"
Add component (AddParameter): Name = "PackageReference"; Value = "AXIAL-0.3"; VariantName = "[No Variations]"
Add component (AddParameter): Name = "Published"; Value = "8-Jun-2000"; VariantName = "[No Variations]"
Add component (AddParameter): Name = "Publisher"; Value = "Altium Limited"; VariantName = "[No Variations]"
Add component (AddParameter): Name = "Value"; Value = "10K"; VariantName = "[No Variations]"
Added Component: Designator=R11(Ris)
Add component (AddParameter): Name = "LatestRevisionDate"; Value = "17-Jul-2002"; VariantName = "[No Variations]"
Add component (AddParameter): Name = "LatestRevisionNote"; Value = "Re-released for DXP Platform."; VariantName = "[No Variations]"
Add component (AddParameter): Name = "PackageDescription"; Value = "Axial Device, Thru-Hole; 2 Leads; 0.3 in Pin Spacing"; VariantName = "[No Variations]"
Add component (AddParameter): Name = "PackageReference"; Value = "AXIAL-0.3"; VariantName = "[No Variations]"
Add component (AddParameter): Name = "Published"; Value = "8-Jun-2000"; VariantName = "[No Variations]"
Add component (AddParameter): Name = "Publisher"; Value = "Altium Limited"; VariantName = "[No Variations]"
Add component (AddParameter): Name = "Value"; Value = "100R"; VariantName = "[No Variations]"
Added Component: Designator=S1(Button-4feet)
Added Component: Designator=S2(Button-4feet)
Added Component: Designator=S3(Button-4feet)
Added Component: Designator=S4(Button-4feet)
Added Component: Designator=S5(Button-4feet)
Added Component: Designator=S6(Button-4feet)
Added Component: Designator=S7(Button-4feet)
Added Component: Designator=S8(Button-4feet)
Added Component: Designator=S9(Button-4feet)
Added Component: Designator=S10(Button-4feet)
Added Component: Designator=S11(Button-4feet)
Added Component: Designator=S12(Button-4feet)
Added Component: Designator=S13(Button-4feet)
Added Component: Designator=S14(Button-4feet)
Added Component: Designator=S15(Button-4feet)
Added Component: Designator=S16(Button-4feet)
Added Component: Designator=S17(Button-4feet)
Added Component: Designator=U1(89C52)
Added Component: Designator=U2(Zigbee)
Added Component: Designator=U3(Power)
Added Component: Designator=U4(Dsplay)
Added Component: Designator=Y1(Oscillator-11.0592MHZ)
Add component (AddParameter): Name = "LatestRevisionDate"; Value = "17-Jul-2002"; VariantName = "[No Variations]"
Add component (AddParameter): Name = "LatestRevisionNote"; Value = "Re-released for DXP Platform."; VariantName = "[No Variations]"
Add component (AddParameter): Name = "PackageDescription"; Value = "Crystal, Thru-Hole; 2 Leads; Body 3.1 x 8.2 mm (Dia.xH)"; VariantName = "[No Variations]"
Add component (AddParameter): Name = "PackageReference"; Value = "R38"; VariantName = "[No Variations]"
Add component (AddParameter): Name = "Published"; Value = "8-Jun-2000"; VariantName = "[No Variations]"
Add component (AddParameter): Name = "Publisher"; Value = "Altium Limited"; VariantName = "[No Variations]"
Added Pin To Net: NetName=+5 Pin=C1-1
Added Pin To Net: NetName=NetC1_2 Pin=C1-2
Added Pin To Net: NetName=GND Pin=C2-1
Added Pin To Net: NetName=NetC2_2 Pin=C2-2
Added Pin To Net: NetName=GND Pin=C3-1
Added Pin To Net: NetName=NetC3_2 Pin=C3-2
Added Pin To Net: NetName=NetR1_1 Pin=R1-1
Added Pin To Net: NetName=+5 Pin=R1-2
Added Pin To Net: NetName=+5 Pin=R2-1
Added Pin To Net: NetName=NetR2_2 Pin=R2-2
Added Pin To Net: NetName=NetR3_1 Pin=R3-1
Added Pin To Net: NetName=+5 Pin=R3-2
Added Pin To Net: NetName=NetR4_1 Pin=R4-1
Added Pin To Net: NetName=+5 Pin=R4-2
Added Pin To Net: NetName=+5 Pin=R5-1
Added Pin To Net: NetName=NetR5_2 Pin=R5-2
Added Pin To Net: NetName=+5 Pin=R6-1
Added Pin To Net: NetName=NetR6_2 Pin=R6-2
Added Pin To Net: NetName=+5 Pin=R7-1
Added Pin To Net: NetName=NetR7_2 Pin=R7-2
Added Pin To Net: NetName=+5 Pin=R8-1
Added Pin To Net: NetName=NetR8_2 Pin=R8-2
Added Pin To Net: NetName=GND Pin=R9-1
Added Pin To Net: NetName=NetC1_2 Pin=R10-1
Added Pin To Net: NetName=GND Pin=R10-2
Added Pin To Net: NetName=INT0 Pin=R11-1
Added Pin To Net: NetName=+5 Pin=R11-2
Added Pin To Net: NetName=NetR1_1 Pin=S1-1
Added Pin To Net: NetName=NetS1_2 Pin=S1-2
Added Pin To Net: NetName=P1.0 Pin=S1-3
Added Pin To Net: NetName=NetS1_4 Pin=S1-4
Added Pin To Net: NetName=NetR2_2 Pin=S2-1
Added Pin To Net: NetName=NetS2_2 Pin=S2-2
Added Pin To Net: NetName=NetS1_4 Pin=S2-3
Added Pin To Net: NetName=NetS2_4 Pin=S2-4
Added Pin To Net: NetName=NetR3_1 Pin=S3-1
Added Pin To Net: NetName=NetS3_2 Pin=S3-2
Added Pin To Net: NetName=NetS2_4 Pin=S3-3
Added Pin To Net: NetName=NetS3_4 Pin=S3-4
Added Pin To Net: NetName=NetR4_1 Pin=S4-1
Added Pin To Net: NetName=NetS4_2 Pin=S4-2
Added Pin To Net: NetName=NetS3_4 Pin=S4-3
Added Pin To Net: NetName=NetR5_2 Pin=S4-4
Added Pin To Net: NetName=NetS1_2 Pin=S5-1
Added Pin To Net: NetName=NetS5_2 Pin=S5-2
Added Pin To Net: NetName=P1.1 Pin=S5-3
Added Pin To Net: NetName=NetS5_4 Pin=S5-4
Added Pin To Net: NetName=NetS2_2 Pin=S6-1
Added Pin To Net: NetName=NetS6_2 Pin=S6-2
Added Pin To Net: NetName=NetS5_4 Pin=S6-3
Added Pin To Net: NetName=NetS6_4 Pin=S6-4
Added Pin To Net: NetName=NetS3_2 Pin=S7-1
Added Pin To Net: NetName=NetS7_2 Pin=S7-2
Added Pin To Net: NetName=NetS6_4 Pin=S7-3
Added Pin To Net: NetName=NetS7_4 Pin=S7-4
Added Pin To Net: NetName=NetS4_2 Pin=S8-1
Added Pin To Net: NetName=NetS8_2 Pin=S8-2
Added Pin To Net: NetName=NetS7_4 Pin=S8-3
Added Pin To Net: NetName=NetR6_2 Pin=S8-4
Added Pin To Net: NetName=NetS5_2 Pin=S9-1
Added Pin To Net: NetName=NetS9_2 Pin=S9-2
Added Pin To Net: NetName=P1.2 Pin=S9-3
Added Pin To Net: NetName=NetS9_4 Pin=S9-4
Added Pin To Net: NetName=NetS6_2 Pin=S10-1
Added Pin To Net: NetName=NetS10_2 Pin=S10-2
Added Pin To Net: NetName=NetS9_4 Pin=S10-3
Added Pin To Net: NetName=NetS10_4 Pin=S10-4
Added Pin To Net: NetName=NetS7_2 Pin=S11-1
Added Pin To Net: NetName=NetS11_2 Pin=S11-2
Added Pin To Net: NetName=NetS10_4 Pin=S11-3
Added Pin To Net: NetName=NetS11_4 Pin=S11-4
Added Pin To Net: NetName=NetS8_2 Pin=S12-1
Added Pin To Net: NetName=NetS12_2 Pin=S12-2
Added Pin To Net: NetName=NetS11_4 Pin=S12-3
Added Pin To Net: NetName=NetR7_2 Pin=S12-4
Added Pin To Net: NetName=NetS9_2 Pin=S13-1
Added Pin To Net: NetName=P1.4 Pin=S13-2
Added Pin To Net: NetName=P1.3 Pin=S13-3
Added Pin To Net: NetName=NetS13_4 Pin=S13-4
Added Pin To Net: NetName=NetS10_2 Pin=S14-1
Added Pin To Net: NetName=P1.5 Pin=S14-2
Added Pin To Net: NetName=NetS13_4 Pin=S14-3
Added Pin To Net: NetName=NetS14_4 Pin=S14-4
Added Pin To Net: NetName=NetS11_2 Pin=S15-1
Added Pin To Net: NetName=P1.6 Pin=S15-2
Added Pin To Net: NetName=NetS14_4 Pin=S15-3
Added Pin To Net: NetName=NetS15_4 Pin=S15-4
Added Pin To Net: NetName=NetS12_2 Pin=S16-1
Added Pin To Net: NetName=P1.7 Pin=S16-2
Added Pin To Net: NetName=NetS15_4 Pin=S16-3
Added Pin To Net: NetName=NetR8_2 Pin=S16-4
Added Pin To Net: NetName=GND Pin=S17-2
Added Pin To Net: NetName=INT0 Pin=S17-4
Added Pin To Net: NetName=P1.0 Pin=U1-1
Added Pin To Net: NetName=P1.1 Pin=U1-2
Added Pin To Net: NetName=P1.2 Pin=U1-3
Added Pin To Net: NetName=P1.3 Pin=U1-4
Added Pin To Net: NetName=P1.4 Pin=U1-5
Added Pin To Net: NetName=P1.5 Pin=U1-6
Added Pin To Net: NetName=P1.6 Pin=U1-7
Added Pin To Net: NetName=P1.7 Pin=U1-8
Added Pin To Net: NetName=NetC1_2 Pin=U1-9
Added Pin To Net: NetName=P3.0 Pin=U1-10
Added Pin To Net: NetName=P3.1 Pin=U1-11
Added Pin To Net: NetName=INT0 Pin=U1-12
Added Pin To Net: NetName=NetC2_2 Pin=U1-18
Added Pin To Net: NetName=NetC3_2 Pin=U1-19
Added Pin To Net: NetName=GND Pin=U1-20
Added Pin To Net: NetName=+5 Pin=U1-31
Added Pin To Net: NetName=+5 Pin=U1-40
Added Pin To Net: NetName=+5 Pin=U2-1
Added Pin To Net: NetName=P3.0 Pin=U2-2
Added Pin To Net: NetName=P3.1 Pin=U2-3
Added Pin To Net: NetName=GND Pin=U2-4
Added Pin To Net: NetName=+5 Pin=U3-1
Added Pin To Net: NetName=GND Pin=U3-2
Added Pin To Net: NetName=NetC3_2 Pin=Y1-1
Added Pin To Net: NetName=NetC2_2 Pin=Y1-2
Added Pin To Net: NetName=COM Pin=R9-2
Added Pin To Net: NetName=COM Pin=U4-3
Added Net: Name=COM
Added Pin To Net: NetName=NetU1_33 Pin=U1-33
Added Pin To Net: NetName=NetU1_33 Pin=U4-4
Added Net: Name=NetU1_33
Added Pin To Net: NetName=NetU1_34 Pin=U1-34
Added Pin To Net: NetName=NetU1_34 Pin=U4-2
Added Net: Name=NetU1_34
Added Pin To Net: NetName=NetU1_35 Pin=U1-35
Added Pin To Net: NetName=NetU1_35 Pin=U4-1
Added Net: Name=NetU1_35
Added Pin To Net: NetName=NetU1_36 Pin=U1-36
Added Pin To Net: NetName=NetU1_36 Pin=U4-10
Added Net: Name=NetU1_36
Added Pin To Net: NetName=NetU1_37 Pin=U1-37
Added Pin To Net: NetName=NetU1_37 Pin=U4-9
Added Net: Name=NetU1_37
Added Pin To Net: NetName=NetU1_38 Pin=U1-38
Added Pin To Net: NetName=NetU1_38 Pin=U4-7
Added Net: Name=NetU1_38
Added Pin To Net: NetName=NetU1_39 Pin=U1-39
Added Pin To Net: NetName=NetU1_39 Pin=U4-6
Added Net: Name=NetU1_39
Added Member To Class: ClassName=final_design Member=Component C1 Cap Pol1
Added Member To Class: ClassName=final_design Member=Component C2 Cap
Added Member To Class: ClassName=final_design Member=Component C3 Cap
Added Member To Class: ClassName=final_design Member=Component R1 Res1
Added Member To Class: ClassName=final_design Member=Component R2 Res1
Added Member To Class: ClassName=final_design Member=Component R3 Res1
Added Member To Class: ClassName=final_design Member=Component R4 Res1
Added Member To Class: ClassName=final_design Member=Component R5 Res1
Added Member To Class: ClassName=final_design Member=Component R6 Res1
Added Member To Class: ClassName=final_design Member=Component R7 Res1
Added Member To Class: ClassName=final_design Member=Component R8 Res1
Added Member To Class: ClassName=final_design Member=Component R9 Res1
Added Member To Class: ClassName=final_design Member=Component R10 Res1
Added Member To Class: ClassName=final_design Member=Component R11 Res1
Added Member To Class: ClassName=final_design Member=Component S1 Button-4feet
Added Member To Class: ClassName=final_design Member=Component S2 Button-4feet
Added Member To Class: ClassName=final_design Member=Component S3 Button-4feet
Added Member To Class: ClassName=final_design Member=Component S4 Button-4feet
Added Member To Class: ClassName=final_design Member=Component S5 Button-4feet
Added Member To Class: ClassName=final_design Member=Component S6 Button-4feet
Added Member To Class: ClassName=final_design Member=Component S7 Button-4feet
Added Member To Class: ClassName=final_design Member=Component S8 Button-4feet
Added Member To Class: ClassName=final_design Member=Component S9 Button-4feet
Added Member To Class: ClassName=final_design Member=Component S10 Button-4feet
Added Member To Class: ClassName=final_design Member=Component S11 Button-4feet
Added Member To Class: ClassName=final_design Member=Component S12 Button-4feet
Added Member To Class: ClassName=final_design Member=Component S13 Button-4feet
Added Member To Class: ClassName=final_design Member=Component S14 Button-4feet
Added Member To Class: ClassName=final_design Member=Component S15 Button-4feet
Added Member To Class: ClassName=final_design Member=Component S16 Button-4feet
Added Member To Class: ClassName=final_design Member=Component S17 Button-4feet
Added Member To Class: ClassName=final_design Member=Component U1 89c52
Added Member To Class: ClassName=final_design Member=Component U2 Zigbee
Added Member To Class: ClassName=final_design Member=Component U3 power
Added Member To Class: ClassName=final_design Member=Component U4 display
Added Member To Class: ClassName=final_design Member=Component Y1 12MHZ
Added Room: Name=final_design
